[0m15:28:46.394255 [debug] [MainThread]: Sending event: {'category': 'dbt', 'action': 'invocation', 'label': 'start', 'context': [<snowplow_tracker.self_describing_json.SelfDescribingJson object at 0x7cd5899922a0>, <snowplow_tracker.self_describing_json.SelfDescribingJson object at 0x7cd589e8f590>, <snowplow_tracker.self_describing_json.SelfDescribingJson object at 0x7cd589ded700>]}


============================== 15:28:46.400737 | 325bd8e3-cf3c-41c3-9e1c-18a4158661b9 ==============================
[0m15:28:46.400737 [info ] [MainThread]: Running with dbt=1.6.1
[0m15:28:46.401536 [debug] [MainThread]: running dbt with arguments {'invocation_command': 'dbt init', 'version_check': 'True', 'warn_error_options': 'WarnErrorOptions(include=[], exclude=[])', 'quiet': 'False', 'printer_width': '80', 'target_path': 'None', 'indirect_selection': 'eager', 'send_anonymous_usage_stats': 'True', 'use_colors': 'True', 'static_parser': 'True', 'log_cache_events': 'False', 'log_path': 'logs', 'warn_error': 'None', 'profiles_dir': '/home/codespace/.dbt', 'introspect': 'True', 'cache_selected_only': 'False', 'write_json': 'True', 'partial_parse': 'True', 'use_experimental_parser': 'False', 'no_print': 'None', 'debug': 'False', 'fail_fast': 'False', 'log_format': 'default'}
[0m15:28:46.402117 [warn ] [MainThread]: [ConfigFolderDirectory]: Unable to parse dict {'dir': PosixPath('/home/codespace/.dbt')}
[0m15:28:46.402622 [info ] [MainThread]: Creating dbt configuration folder at 
[0m15:28:58.255905 [debug] [MainThread]: Starter project path: /usr/local/python/3.12.1/lib/python3.12/site-packages/dbt/include/starter_project
[0m15:28:58.263788 [info ] [MainThread]: 
Your new dbt project "nyc_parking_violations" was created!

For more information on how to configure the profiles.yml file,
please consult the dbt documentation here:

  https://docs.getdbt.com/docs/configure-your-profile

One more thing:

Need help? Don't hesitate to reach out to us via GitHub issues or on Slack:

  https://community.getdbt.com/

Happy modeling!

[0m15:28:58.264584 [info ] [MainThread]: Setting up your profile.
[0m15:29:04.427804 [info ] [MainThread]: No sample profile found for duckdb.
[0m15:29:04.428767 [debug] [MainThread]: Command `dbt init` succeeded at 15:29:04.428529 after 18.04 seconds
[0m15:29:04.429795 [debug] [MainThread]: Sending event: {'category': 'dbt', 'action': 'invocation', 'label': 'end', 'context': [<snowplow_tracker.self_describing_json.SelfDescribingJson object at 0x7cd589e292e0>, <snowplow_tracker.self_describing_json.SelfDescribingJson object at 0x7cd589c77b90>, <snowplow_tracker.self_describing_json.SelfDescribingJson object at 0x7cd5899c6090>]}
[0m15:29:04.430625 [debug] [MainThread]: Flushing usage events
[0m20:01:16.653040 [debug] [MainThread]: Sending event: {'category': 'dbt', 'action': 'invocation', 'label': 'start', 'context': [<snowplow_tracker.self_describing_json.SelfDescribingJson object at 0x790dcfad8560>, <snowplow_tracker.self_describing_json.SelfDescribingJson object at 0x790dcfde0c20>, <snowplow_tracker.self_describing_json.SelfDescribingJson object at 0x790dcf876840>]}


============================== 20:01:16.658985 | 6935276f-a54c-4540-bb16-b63387ae9a38 ==============================
[0m20:01:16.658985 [info ] [MainThread]: Running with dbt=1.6.1
[0m20:01:16.659799 [debug] [MainThread]: running dbt with arguments {'invocation_command': 'dbt debug', 'version_check': 'True', 'quiet': 'False', 'warn_error_options': 'WarnErrorOptions(include=[], exclude=[])', 'printer_width': '80', 'target_path': 'None', 'indirect_selection': 'eager', 'send_anonymous_usage_stats': 'True', 'use_colors': 'True', 'static_parser': 'True', 'log_cache_events': 'False', 'log_path': 'logs', 'profiles_dir': '/home/codespace/.dbt', 'warn_error': 'None', 'introspect': 'True', 'cache_selected_only': 'False', 'write_json': 'True', 'partial_parse': 'True', 'use_experimental_parser': 'False', 'no_print': 'None', 'debug': 'False', 'log_format': 'default', 'fail_fast': 'False'}
[0m20:01:16.660446 [info ] [MainThread]: dbt version: 1.6.1
[0m20:01:16.660998 [info ] [MainThread]: python version: 3.12.1
[0m20:01:16.661532 [info ] [MainThread]: python path: /usr/local/python/3.12.1/bin/python3
[0m20:01:16.662078 [info ] [MainThread]: os info: Linux-6.8.0-1021-azure-x86_64-with-glibc2.31
[0m20:01:16.662794 [info ] [MainThread]: Using profiles dir at /home/codespace/.dbt
[0m20:01:16.663311 [info ] [MainThread]: Using profiles.yml file at /home/codespace/.dbt/profiles.yml
[0m20:01:16.663834 [info ] [MainThread]: Using dbt_project.yml file at /workspaces/dbt/dbt_project.yml
[0m20:01:16.664424 [info ] [MainThread]: Configuration:
[0m20:01:16.665108 [info ] [MainThread]:   profiles.yml file [[31mERROR not found[0m]
[0m20:01:16.665796 [info ] [MainThread]:   dbt_project.yml file [[31mERROR not found[0m]
[0m20:01:16.666667 [info ] [MainThread]: Required dependencies:
[0m20:01:16.667315 [debug] [MainThread]: Executing "git --help"
[0m20:01:16.669886 [debug] [MainThread]: STDOUT: "b"usage: git [-v | --version] [-h | --help] [-C <path>] [-c <name>=<value>]\n           [--exec-path[=<path>]] [--html-path] [--man-path] [--info-path]\n           [-p | --paginate | -P | --no-pager] [--no-replace-objects] [--no-lazy-fetch]\n           [--no-optional-locks] [--no-advice] [--bare] [--git-dir=<path>]\n           [--work-tree=<path>] [--namespace=<name>] [--config-env=<name>=<envvar>]\n           <command> [<args>]\n\nThese are common Git commands used in various situations:\n\nstart a working area (see also: git help tutorial)\n   clone      Clone a repository into a new directory\n   init       Create an empty Git repository or reinitialize an existing one\n\nwork on the current change (see also: git help everyday)\n   add        Add file contents to the index\n   mv         Move or rename a file, a directory, or a symlink\n   restore    Restore working tree files\n   rm         Remove files from the working tree and from the index\n\nexamine the history and state (see also: git help revisions)\n   bisect     Use binary search to find the commit that introduced a bug\n   diff       Show changes between commits, commit and working tree, etc\n   grep       Print lines matching a pattern\n   log        Show commit logs\n   show       Show various types of objects\n   status     Show the working tree status\n\ngrow, mark and tweak your common history\n   backfill   Download missing objects in a partial clone\n   branch     List, create, or delete branches\n   commit     Record changes to the repository\n   merge      Join two or more development histories together\n   rebase     Reapply commits on top of another base tip\n   reset      Reset current HEAD to the specified state\n   switch     Switch branches\n   tag        Create, list, delete or verify a tag object signed with GPG\n\ncollaborate (see also: git help workflows)\n   fetch      Download objects and refs from another repository\n   pull       Fetch from and integrate with another repository or a local branch\n   push       Update remote refs along with associated objects\n\n'git help -a' and 'git help -g' list available subcommands and some\nconcept guides. See 'git help <command>' or 'git help <concept>'\nto read about a specific subcommand or concept.\nSee 'git help git' for an overview of the system.\n""
[0m20:01:16.670539 [debug] [MainThread]: STDERR: "b''"
[0m20:01:16.671007 [info ] [MainThread]:  - git [[32mOK found[0m]

[0m20:01:16.671586 [info ] [MainThread]: Connection test skipped since no profile was found
[0m20:01:16.672336 [info ] [MainThread]: [31m2 checks failed:[0m
[0m20:01:16.673067 [info ] [MainThread]: dbt looked for a profiles.yml file in /home/codespace/.dbt/profiles.yml, but did
not find one. For more information on configuring your profile, consult the
documentation:

https://docs.getdbt.com/docs/configure-your-profile


[0m20:01:16.673740 [info ] [MainThread]: Project loading failed for the following reason:
 project path </workspaces/dbt/dbt_project.yml> not found

[0m20:01:16.674707 [debug] [MainThread]: Command `dbt debug` failed at 20:01:16.674473 after 0.03 seconds
[0m20:01:16.675597 [debug] [MainThread]: Sending event: {'category': 'dbt', 'action': 'invocation', 'label': 'end', 'context': [<snowplow_tracker.self_describing_json.SelfDescribingJson object at 0x790dd3da7b30>, <snowplow_tracker.self_describing_json.SelfDescribingJson object at 0x790dd3da7b00>, <snowplow_tracker.self_describing_json.SelfDescribingJson object at 0x790dcfb0b4d0>]}
[0m20:01:16.676284 [debug] [MainThread]: Flushing usage events
[0m13:40:56.341797 [debug] [MainThread]: Sending event: {'category': 'dbt', 'action': 'invocation', 'label': 'start', 'context': [<snowplow_tracker.self_describing_json.SelfDescribingJson object at 0x702b97f93560>, <snowplow_tracker.self_describing_json.SelfDescribingJson object at 0x702b97d02180>, <snowplow_tracker.self_describing_json.SelfDescribingJson object at 0x702b97d02090>]}


============================== 13:40:56.495882 | 7d69d640-c750-477d-afb3-d89702005fc5 ==============================
[0m13:40:56.495882 [info ] [MainThread]: Running with dbt=1.6.1
[0m13:40:56.501993 [debug] [MainThread]: running dbt with arguments {'invocation_command': 'dbt debug', 'version_check': 'True', 'warn_error_options': 'WarnErrorOptions(include=[], exclude=[])', 'quiet': 'False', 'printer_width': '80', 'target_path': 'None', 'indirect_selection': 'eager', 'send_anonymous_usage_stats': 'True', 'write_json': 'True', 'static_parser': 'True', 'log_cache_events': 'False', 'log_path': 'logs', 'profiles_dir': '/home/codespace/.dbt', 'warn_error': 'None', 'introspect': 'True', 'cache_selected_only': 'False', 'use_colors': 'True', 'partial_parse': 'True', 'use_experimental_parser': 'False', 'no_print': 'None', 'debug': 'False', 'fail_fast': 'False', 'log_format': 'default'}
[0m13:40:56.503148 [info ] [MainThread]: dbt version: 1.6.1
[0m13:40:56.504426 [info ] [MainThread]: python version: 3.12.1
[0m13:40:56.505234 [info ] [MainThread]: python path: /usr/local/python/3.12.1/bin/python3
[0m13:40:56.506374 [info ] [MainThread]: os info: Linux-6.8.0-1021-azure-x86_64-with-glibc2.31
[0m13:40:56.507432 [info ] [MainThread]: Using profiles dir at /home/codespace/.dbt
[0m13:40:56.509298 [info ] [MainThread]: Using profiles.yml file at /home/codespace/.dbt/profiles.yml
[0m13:40:56.510526 [info ] [MainThread]: Using dbt_project.yml file at /workspaces/dbt/dbt_project.yml
[0m13:40:56.511265 [info ] [MainThread]: Configuration:
[0m13:40:56.512153 [info ] [MainThread]:   profiles.yml file [[31mERROR not found[0m]
[0m13:40:56.513741 [info ] [MainThread]:   dbt_project.yml file [[31mERROR not found[0m]
[0m13:40:56.515033 [info ] [MainThread]: Required dependencies:
[0m13:40:56.516525 [debug] [MainThread]: Executing "git --help"
[0m13:40:56.520717 [debug] [MainThread]: STDOUT: "b"usage: git [-v | --version] [-h | --help] [-C <path>] [-c <name>=<value>]\n           [--exec-path[=<path>]] [--html-path] [--man-path] [--info-path]\n           [-p | --paginate | -P | --no-pager] [--no-replace-objects] [--no-lazy-fetch]\n           [--no-optional-locks] [--no-advice] [--bare] [--git-dir=<path>]\n           [--work-tree=<path>] [--namespace=<name>] [--config-env=<name>=<envvar>]\n           <command> [<args>]\n\nThese are common Git commands used in various situations:\n\nstart a working area (see also: git help tutorial)\n   clone      Clone a repository into a new directory\n   init       Create an empty Git repository or reinitialize an existing one\n\nwork on the current change (see also: git help everyday)\n   add        Add file contents to the index\n   mv         Move or rename a file, a directory, or a symlink\n   restore    Restore working tree files\n   rm         Remove files from the working tree and from the index\n\nexamine the history and state (see also: git help revisions)\n   bisect     Use binary search to find the commit that introduced a bug\n   diff       Show changes between commits, commit and working tree, etc\n   grep       Print lines matching a pattern\n   log        Show commit logs\n   show       Show various types of objects\n   status     Show the working tree status\n\ngrow, mark and tweak your common history\n   backfill   Download missing objects in a partial clone\n   branch     List, create, or delete branches\n   commit     Record changes to the repository\n   merge      Join two or more development histories together\n   rebase     Reapply commits on top of another base tip\n   reset      Reset current HEAD to the specified state\n   switch     Switch branches\n   tag        Create, list, delete or verify a tag object signed with GPG\n\ncollaborate (see also: git help workflows)\n   fetch      Download objects and refs from another repository\n   pull       Fetch from and integrate with another repository or a local branch\n   push       Update remote refs along with associated objects\n\n'git help -a' and 'git help -g' list available subcommands and some\nconcept guides. See 'git help <command>' or 'git help <concept>'\nto read about a specific subcommand or concept.\nSee 'git help git' for an overview of the system.\n""
[0m13:40:56.521818 [debug] [MainThread]: STDERR: "b''"
[0m13:40:56.522517 [info ] [MainThread]:  - git [[32mOK found[0m]

[0m13:40:56.523571 [info ] [MainThread]: Connection test skipped since no profile was found
[0m13:40:56.524317 [info ] [MainThread]: [31m2 checks failed:[0m
[0m13:40:56.525250 [info ] [MainThread]: dbt looked for a profiles.yml file in /home/codespace/.dbt/profiles.yml, but did
not find one. For more information on configuring your profile, consult the
documentation:

https://docs.getdbt.com/docs/configure-your-profile


[0m13:40:56.525945 [info ] [MainThread]: Project loading failed for the following reason:
 project path </workspaces/dbt/dbt_project.yml> not found

[0m13:40:56.526818 [debug] [MainThread]: Command `dbt debug` failed at 13:40:56.526609 after 0.19 seconds
[0m13:40:56.527675 [debug] [MainThread]: Sending event: {'category': 'dbt', 'action': 'invocation', 'label': 'end', 'context': [<snowplow_tracker.self_describing_json.SelfDescribingJson object at 0x702b98a03140>, <snowplow_tracker.self_describing_json.SelfDescribingJson object at 0x702b980215b0>, <snowplow_tracker.self_describing_json.SelfDescribingJson object at 0x702b98021e20>]}
[0m13:40:56.528706 [debug] [MainThread]: Flushing usage events
